
[diy-pipeline] ╔══════════════════════════════════════════════════════════╗
[diy-pipeline] ║        YouTube DIY Enrichment Pipeline                   ║
[diy-pipeline] ╚══════════════════════════════════════════════════════════╝
[diy-pipeline] 
[diy-pipeline] Mode: LIVE
[diy-pipeline] Scan: Top 100 vehicles
[diy-pipeline] Process: Up to 200 videos
[diy-pipeline] 
[diy-pipeline] 
========================================
[diy-pipeline] PHASE 1: Video Discovery
[diy-pipeline] ========================================
[diy-pipeline] Channels: 11
[diy-pipeline] Vehicles: 100
[diy-pipeline] 
[diy-pipeline] 
--- Channel: throtl (@throtl) ---
[diy-pipeline]   [1] Ford F-150: 5 video(s)
[diy-pipeline]   [2] Jeep Wrangler JK/JL: 5 video(s)
[diy-pipeline]   [3] Ford Mustang: 5 video(s)
[diy-pipeline]   [4] Chevrolet Silverado 1500: 5 video(s)
[diy-pipeline]   [5] Volkswagen Golf GTI: 5 video(s)
[diy-pipeline]   [6] Chevrolet Corvette: 5 video(s)
[diy-pipeline]   [7] Toyota Tacoma: 5 video(s)
[diy-pipeline]   [8] Subaru WRX/STI: 5 video(s)
[diy-pipeline]   [9] Ram 1500: 5 video(s)
[diy-pipeline]   [10] BMW 3 Series: 5 video(s)
[diy-pipeline]   [11] Chevrolet Camaro: 5 video(s)
[diy-pipeline]   [12] Honda Civic Si/Type R: 5 video(s)
[diy-pipeline]   [13] Ford Bronco: 5 video(s)
[diy-pipeline]   [14] Ram 2500/3500 Cummins: 5 video(s)
[diy-pipeline]   [15] Ford F-250/F-350 Super Duty: 5 video(s)
[diy-pipeline]   [16] Mazda MX-5 Miata: 5 video(s)
[diy-pipeline]   [17] Toyota 4Runner: 5 video(s)
[diy-pipeline]   [18] Dodge Challenger: 5 video(s)
[diy-pipeline]   [19] Volkswagen Golf R: 5 video(s)
[diy-pipeline]   [20] BMW M3/M4: 5 video(s)
[diy-pipeline]   [21] Porsche 911: 5 video(s)
[diy-pipeline]   [22] Dodge Charger: 5 video(s)
[diy-pipeline]   [23] Acura RSX/Integra: 5 video(s)
[diy-pipeline]   [24] GMC Sierra: 5 video(s)
[diy-pipeline]   [25] Audi S4/A4: 5 video(s)
[diy-pipeline]   [26] Nissan 240SX/Silvia: 5 video(s)
[diy-pipeline]   [27] Toyota Tundra: 5 video(s)
[diy-pipeline]   [28] Ford Focus ST: 5 video(s)
[diy-pipeline]   [29] Nissan 350Z/370Z: 5 video(s)
[diy-pipeline]   [30] Jeep Gladiator: 5 video(s)
[diy-pipeline]   [31] Honda S2000: 5 video(s)
[diy-pipeline]   [32] Mitsubishi Lancer Evolution: 5 video(s)
[diy-pipeline]   [33] Ford Ranger: 5 video(s)
[diy-pipeline]   [34] Chevrolet Colorado/GMC Canyon: 5 video(s)
[diy-pipeline]   [35] Toyota 86/Subaru BRZ: 5 video(s)
[diy-pipeline]   [36] Audi RS3/S3/A3: 5 video(s)
[diy-pipeline]   [37] BMW M2/1 Series: 5 video(s)
[diy-pipeline]   [38] Mercedes-AMG C63: 5 video(s)
[diy-pipeline]   [39] Toyota Supra MkIV: 5 video(s)
[diy-pipeline]   [40] Toyota GR Supra: 5 video(s)
[diy-pipeline]   [41] Porsche Cayman/Boxster: 5 video(s)
[diy-pipeline]   [42] Nissan GT-R R35: 5 video(s)
[diy-pipeline]   [43] Infiniti G35/G37: 5 video(s)
[diy-pipeline]   [44] Jeep Cherokee/Grand Cherokee: 5 video(s)
[diy-pipeline]   [45] Mazda RX-7: 5 video(s)
[diy-pipeline]   [46] MINI Cooper S/JCW: 5 video(s)
[diy-pipeline]   [47] Audi TT/TT RS: 5 video(s)
[diy-pipeline]   [48] Ford Focus RS: 5 video(s)
[diy-pipeline]   [49] Classic Camaro 1967-1981: 5 video(s)
[diy-pipeline]   [50] Classic Mustang 1964-1973: 3 video(s)
[diy-pipeline]   [51] Honda Civic Type R FK8/FL5: 5 video(s)
[diy-pipeline]   [52] Toyota GR Corolla: 5 video(s)
[diy-pipeline]   [53] Kia Stinger: 5 video(s)
[diy-pipeline]   [54] Hyundai Veloster N: 5 video(s)
[diy-pipeline]   [55] Pontiac Firebird/Trans Am: 5 video(s)
[diy-pipeline]   [56] Tesla Model 3/Model Y: 5 video(s)
[diy-pipeline]   [57] Ford Fiesta ST: 5 video(s)
[diy-pipeline]   [58] Mazdaspeed 3: 5 video(s)
[diy-pipeline]   [59] Nissan Frontier: 5 video(s)
[diy-pipeline]   [60] Nissan Skyline GT-R R32-R34: 5 video(s)
[diy-pipeline]   [61] Infiniti Q50/Q60 Red Sport: 5 video(s)
[diy-pipeline]   [62] BMW M5: 5 video(s)
[diy-pipeline]   [63] Mazda 3: 5 video(s)
[diy-pipeline]   [64] Nissan Z (400Z): 5 video(s)
[diy-pipeline]   [65] Jeep Renegade/Compass: 5 video(s)
[diy-pipeline]   [66] Genesis G70: 5 video(s)
[diy-pipeline]   [67] Mercedes-AMG E63: 5 video(s)
[diy-pipeline]   [68] Lexus IS: 5 video(s)
[diy-pipeline]   [69] Audi RS4/RS5: 5 video(s)
[diy-pipeline]   [70] Chevrolet SS: 5 video(s)
[diy-pipeline]   [71] Hyundai Elantra N: 5 video(s)
[diy-pipeline]   [72] Pontiac GTO 2004-2006: 5 video(s)
[diy-pipeline]   [73] Mazda RX-8: 5 video(s)
[diy-pipeline]   [74] Toyota MR2: 5 video(s)
[diy-pipeline]   [75] Dodge Viper: 5 video(s)
[diy-pipeline]   [76] Honda Accord 2.0T: 5 video(s)
[diy-pipeline]   [77] Lexus RC F: 5 video(s)
[diy-pipeline]   [78] Lexus IS F: 5 video(s)
[diy-pipeline]   [79] Acura Integra 2023+: 5 video(s)
[diy-pipeline]   [80] Porsche Cayenne: 5 video(s)
[diy-pipeline]   [81] Mercedes-AMG GT: 5 video(s)
[diy-pipeline]   [82] Dodge SRT-4: 5 video(s)
[diy-pipeline]   [83] Subaru Forester XT: 5 video(s)
[diy-pipeline]   [84] Subaru Legacy GT: 3 video(s)
[diy-pipeline]   [85] Pontiac G8 GT/GXP: 5 video(s)
[diy-pipeline]   [86] Mitsubishi Eclipse DSM: 5 video(s)
[diy-pipeline]   [87] Audi R8: 5 video(s)
[diy-pipeline]   [88] Nissan Titan: 5 video(s)
[diy-pipeline]   [89] Acura NSX Original: 5 video(s)
[diy-pipeline]   [90] BMW 5 Series: 5 video(s)
[diy-pipeline]   [91] Toyota Land Cruiser: 5 video(s)
[diy-pipeline]   [92] Lexus LC: 5 video(s)
[diy-pipeline]   [93] Ford Maverick: 5 video(s)
[diy-pipeline]   [94] Hyundai Kona N: 5 video(s)
[diy-pipeline]   [95] Subaru Crosstrek: 5 video(s)
[diy-pipeline]   [96] Toyota GR86: 5 video(s)
[diy-pipeline]   [97] Volkswagen Jetta GLI: 5 video(s)
[diy-pipeline]   [98] Ford GT: 5 video(s)
[diy-pipeline]   [99] Rivian R1T/R1S: 5 video(s)
[diy-pipeline]   [100] BMW i4 M50/iX: 5 video(s)
[diy-pipeline] 
--- Channel: Hoonigan (@TheHoonigans) ---
[diy-pipeline]   [1] Ford F-150: 5 video(s)
[diy-pipeline]   [2] Jeep Wrangler JK/JL: 5 video(s)
[diy-pipeline]   [3] Ford Mustang: 5 video(s)
[diy-pipeline]   [4] Chevrolet Silverado 1500: 5 video(s)
[diy-pipeline]   [5] Volkswagen Golf GTI: 5 video(s)
[diy-pipeline]   [6] Chevrolet Corvette: 5 video(s)
[diy-pipeline]   [7] Toyota Tacoma: 5 video(s)
[diy-pipeline]   [8] Subaru WRX/STI: 5 video(s)
[diy-pipeline]   [9] Ram 1500: 4 video(s)
[diy-pipeline]   [10] BMW 3 Series: 5 video(s)
[diy-pipeline]   [11] Chevrolet Camaro: 5 video(s)
[diy-pipeline]   [12] Honda Civic Si/Type R: 5 video(s)
[diy-pipeline]   [13] Ford Bronco: 5 video(s)
[diy-pipeline]   [14] Ram 2500/3500 Cummins: 5 video(s)
[diy-pipeline]   [15] Ford F-250/F-350 Super Duty: 5 video(s)
[diy-pipeline]   [16] Mazda MX-5 Miata: 5 video(s)
[diy-pipeline]   [17] Toyota 4Runner: 5 video(s)
[diy-pipeline]   [18] Dodge Challenger: 5 video(s)
[diy-pipeline]   [19] Volkswagen Golf R: 5 video(s)
[diy-pipeline]   [20] BMW M3/M4: 5 video(s)
[diy-pipeline]   [21] Porsche 911: 5 video(s)
[diy-pipeline]   [22] Dodge Charger: 5 video(s)
[diy-pipeline]   [23] Acura RSX/Integra: 5 video(s)
[diy-pipeline]   [24] GMC Sierra: 5 video(s)
[diy-pipeline]   [25] Audi S4/A4: 5 video(s)
[diy-pipeline]   [26] Nissan 240SX/Silvia: 5 video(s)
[diy-pipeline]   [27] Toyota Tundra: 5 video(s)
[diy-pipeline]   [28] Ford Focus ST: 5 video(s)
[diy-pipeline]   [29] Nissan 350Z/370Z: 5 video(s)
[diy-pipeline]   [30] Jeep Gladiator: 5 video(s)
[diy-pipeline]   [31] Honda S2000: 5 video(s)
[diy-pipeline]   [32] Mitsubishi Lancer Evolution: 5 video(s)
[diy-pipeline]   [33] Ford Ranger: 5 video(s)
[diy-pipeline]   [34] Chevrolet Colorado/GMC Canyon: 5 video(s)
[diy-pipeline]   [35] Toyota 86/Subaru BRZ: 5 video(s)
[diy-pipeline]   [36] Audi RS3/S3/A3: 5 video(s)
[diy-pipeline]   [37] BMW M2/1 Series: 5 video(s)
[diy-pipeline]   [38] Mercedes-AMG C63: 5 video(s)
[diy-pipeline]   [39] Toyota Supra MkIV: 5 video(s)
[diy-pipeline]   [40] Toyota GR Supra: 5 video(s)
[diy-pipeline]   [41] Porsche Cayman/Boxster: 5 video(s)
[diy-pipeline]   [42] Nissan GT-R R35: 5 video(s)
[diy-pipeline]   [43] Infiniti G35/G37: 5 video(s)
[diy-pipeline]   [44] Jeep Cherokee/Grand Cherokee: 5 video(s)
[diy-pipeline]   [45] Mazda RX-7: 5 video(s)
[diy-pipeline]   [46] MINI Cooper S/JCW: 5 video(s)
[diy-pipeline]   [47] Audi TT/TT RS: 5 video(s)
[diy-pipeline]   [48] Ford Focus RS: 5 video(s)
[diy-pipeline]   [49] Classic Camaro 1967-1981: 5 video(s)
[diy-pipeline]   [50] Classic Mustang 1964-1973: 3 video(s)
[diy-pipeline]   [51] Honda Civic Type R FK8/FL5: 5 video(s)
[diy-pipeline]   [52] Toyota GR Corolla: 5 video(s)
[diy-pipeline]   [53] Kia Stinger: 5 video(s)
[diy-pipeline]   [54] Hyundai Veloster N: 5 video(s)
[diy-pipeline]   [55] Pontiac Firebird/Trans Am: 5 video(s)
[diy-pipeline]   [56] Tesla Model 3/Model Y: 5 video(s)
[diy-pipeline]   [57] Ford Fiesta ST: 5 video(s)
[diy-pipeline]   [58] Mazdaspeed 3: 5 video(s)
[diy-pipeline]   [59] Nissan Frontier: 5 video(s)
[diy-pipeline]   [60] Nissan Skyline GT-R R32-R34: 5 video(s)
[diy-pipeline]   [61] Infiniti Q50/Q60 Red Sport: 5 video(s)
[diy-pipeline]   [62] BMW M5: 5 video(s)
[diy-pipeline]   [63] Mazda 3: 2 video(s)
[diy-pipeline]   [64] Nissan Z (400Z): 5 video(s)
[diy-pipeline]   [65] Jeep Renegade/Compass: 5 video(s)
[diy-pipeline]   [66] Genesis G70: 5 video(s)
[diy-pipeline]   [67] Mercedes-AMG E63: 5 video(s)
[diy-pipeline]   [68] Lexus IS: 5 video(s)
[diy-pipeline]   [69] Audi RS4/RS5: 5 video(s)
[diy-pipeline]   [70] Chevrolet SS: 5 video(s)
[diy-pipeline]   [71] Hyundai Elantra N: 5 video(s)
[diy-pipeline]   [72] Pontiac GTO 2004-2006: 5 video(s)
[diy-pipeline]   [73] Mazda RX-8: 5 video(s)
[diy-pipeline]   [74] Toyota MR2: 5 video(s)
[diy-pipeline]   [75] Dodge Viper: 5 video(s)
[diy-pipeline]   [76] Honda Accord 2.0T: 5 video(s)
[diy-pipeline]   [77] Lexus RC F: 5 video(s)
[diy-pipeline]   [78] Lexus IS F: 5 video(s)
[diy-pipeline]   [79] Acura Integra 2023+: 5 video(s)
[diy-pipeline]   [80] Porsche Cayenne: 5 video(s)
[diy-pipeline]   [81] Mercedes-AMG GT: 5 video(s)
[diy-pipeline]   [82] Dodge SRT-4: 5 video(s)
[diy-pipeline]   [83] Subaru Forester XT: 3 video(s)
[diy-pipeline]   [84] Subaru Legacy GT: 4 video(s)
[diy-pipeline]   [85] Pontiac G8 GT/GXP: 5 video(s)
[diy-pipeline]   [86] Mitsubishi Eclipse DSM: 5 video(s)
[diy-pipeline]   [87] Audi R8: 5 video(s)
[diy-pipeline]   [88] Nissan Titan: 5 video(s)
[diy-pipeline]   [89] Acura NSX Original: 5 video(s)
[diy-pipeline]   [90] BMW 5 Series: 1 video(s)
[diy-pipeline]   [91] Toyota Land Cruiser: 5 video(s)
[diy-pipeline]   [92] Lexus LC: 5 video(s)
[diy-pipeline]   [93] Ford Maverick: 5 video(s)
[diy-pipeline]   [94] Hyundai Kona N: 5 video(s)
[diy-pipeline]   [95] Subaru Crosstrek: 5 video(s)
[diy-pipeline]   [96] Toyota GR86: 5 video(s)
[diy-pipeline]   [97] Volkswagen Jetta GLI: 5 video(s)
[diy-pipeline]   [98] Ford GT: 5 video(s)
[diy-pipeline]   [99] Rivian R1T/R1S: 5 video(s)
[diy-pipeline]   [100] BMW i4 M50/iX: 5 video(s)
[diy-pipeline] 
--- Channel: Cleetus McFarland (@CleetusM) ---
[diy-pipeline]   [1] Ford F-150: 5 video(s)
[diy-pipeline]   [2] Jeep Wrangler JK/JL: 5 video(s)
[diy-pipeline]   [3] Ford Mustang: 5 video(s)
[diy-pipeline]   [4] Chevrolet Silverado 1500: 5 video(s)
[diy-pipeline]   [5] Volkswagen Golf GTI: 5 video(s)
[diy-pipeline]   [6] Chevrolet Corvette: 5 video(s)
[diy-pipeline]   [7] Toyota Tacoma: 5 video(s)
[diy-pipeline]   [8] Subaru WRX/STI: 5 video(s)
[diy-pipeline]   [9] Ram 1500: 5 video(s)
[diy-pipeline]   [10] BMW 3 Series: 5 video(s)
[diy-pipeline]   [11] Chevrolet Camaro: 5 video(s)
[diy-pipeline]   [12] Honda Civic Si/Type R: 5 video(s)
[diy-pipeline]   [13] Ford Bronco: 5 video(s)
[diy-pipeline]   [14] Ram 2500/3500 Cummins: 5 video(s)
[diy-pipeline]   [15] Ford F-250/F-350 Super Duty: 5 video(s)
[diy-pipeline]   [16] Mazda MX-5 Miata: 5 video(s)
[diy-pipeline]   [17] Toyota 4Runner: 2 video(s)
[diy-pipeline]   [18] Dodge Challenger: 2 video(s)
[diy-pipeline]   [19] Volkswagen Golf R: 5 video(s)
[diy-pipeline]   [20] BMW M3/M4: 5 video(s)
[diy-pipeline]   [21] Porsche 911: 5 video(s)
[diy-pipeline]   [22] Dodge Charger: 5 video(s)
[diy-pipeline]   [23] Acura RSX/Integra: 5 video(s)
[diy-pipeline]   [24] GMC Sierra: 5 video(s)
[diy-pipeline]   [25] Audi S4/A4: 5 video(s)
[diy-pipeline]   [26] Nissan 240SX/Silvia: 5 video(s)
[diy-pipeline]   [27] Toyota Tundra: 3 video(s)
[diy-pipeline]   [28] Ford Focus ST: 5 video(s)
[diy-pipeline]   [29] Nissan 350Z/370Z: 5 video(s)
[diy-pipeline]   [30] Jeep Gladiator: 5 video(s)
[diy-pipeline]   [31] Honda S2000: 5 video(s)
[diy-pipeline]   [32] Mitsubishi Lancer Evolution: 5 video(s)
[diy-pipeline]   [33] Ford Ranger: 5 video(s)
[diy-pipeline]   [34] Chevrolet Colorado/GMC Canyon: 5 video(s)
[diy-pipeline]   [35] Toyota 86/Subaru BRZ: 5 video(s)
[diy-pipeline]   [36] Audi RS3/S3/A3: 5 video(s)
[diy-pipeline]   [37] BMW M2/1 Series: 5 video(s)
[diy-pipeline]   [38] Mercedes-AMG C63: 5 video(s)
[diy-pipeline]   [39] Toyota Supra MkIV: 5 video(s)
[diy-pipeline]   [40] Toyota GR Supra: 5 video(s)
[diy-pipeline]   [41] Porsche Cayman/Boxster: 5 video(s)
[diy-pipeline]   [42] Nissan GT-R R35: 5 video(s)
[diy-pipeline]   [43] Infiniti G35/G37: 5 video(s)
[diy-pipeline]   [44] Jeep Cherokee/Grand Cherokee: 5 video(s)
[diy-pipeline]   [45] Mazda RX-7: 5 video(s)
[diy-pipeline]   [46] MINI Cooper S/JCW: 5 video(s)
[diy-pipeline]   [47] Audi TT/TT RS: 5 video(s)
[diy-pipeline]   [48] Ford Focus RS: 5 video(s)
[diy-pipeline]   [49] Classic Camaro 1967-1981: 2 video(s)
[diy-pipeline]   [50] Classic Mustang 1964-1973: 2 video(s)
[diy-pipeline]   [51] Honda Civic Type R FK8/FL5: 5 video(s)
